2018-11-27/09:04:39 [INF] #F:/go/src/github.com/linthan/gocron/cmd/gocron/gocron.go#main.catchSignal#156行#[[收到信号 --  interrupt]]
2018-11-27/09:04:39 [INF] #F:/go/src/github.com/linthan/gocron/cmd/gocron/gocron.go#main.shutdown.func1#169行#[[已退出]]
2018-11-27/09:04:45 [INF] #F:/go/src/github.com/linthan/gocron/internal/service/task.go#github.com/linthan/gocron/internal/service.Task.Initialize#110行#[[开始初始化定时任务]]
2018-11-27/09:04:46 [INF] #F:/go/src/github.com/linthan/gocron/internal/service/task.go#github.com/linthan/gocron/internal/service.Task.Initialize#130行#定时任务初始化完成, 共0个定时任务添加到调度器
2018-11-27/09:04:51 [INF] #F:/go/src/github.com/linthan/gocron/cmd/gocron/gocron.go#main.catchSignal#156行#[[收到信号 --  interrupt]]
2018-11-27/09:04:51 [INF] #F:/go/src/github.com/linthan/gocron/cmd/gocron/gocron.go#main.shutdown#176行#[[应用准备退出]]
2018-11-27/09:04:51 [INF] #F:/go/src/github.com/linthan/gocron/cmd/gocron/gocron.go#main.shutdown#178行#[[停止定时任务调度]]
2018-11-27/09:04:51 [INF] #F:/go/src/github.com/linthan/gocron/cmd/gocron/gocron.go#main.shutdown.func1#169行#[[已退出]]
2018-11-27/09:05:30 [INF] #F:/go/src/github.com/linthan/gocron/internal/service/task.go#github.com/linthan/gocron/internal/service.Task.Initialize#110行#[[开始初始化定时任务]]
2018-11-27/09:05:31 [INF] #F:/go/src/github.com/linthan/gocron/internal/service/task.go#github.com/linthan/gocron/internal/service.Task.Initialize#130行#定时任务初始化完成, 共0个定时任务添加到调度器
2018-11-27/09:05:36 [ERR] #F:/go/src/github.com/linthan/gocron/internal/routers/host/host.go#github.com/linthan/gocron/internal/routers/host.All#47行#[[Error 1054: Unknown column 'i_d' in 'field list']]
2018-11-27/09:05:37 [ERR] #F:/go/src/github.com/linthan/gocron/internal/routers/host/host.go#github.com/linthan/gocron/internal/routers/host.Index#30行#[[Error 1054: Unknown column 'i_d' in 'field list']]
2018-12-05/20:57:55 [INF] #F:/go/src/github.com/linthan/gocron/internal/service/task.go#github.com/linthan/gocron/internal/service.Task.Initialize#110行#[[开始初始化定时任务]]
2018-12-05/20:57:55 [INF] #F:/go/src/github.com/linthan/gocron/internal/service/task.go#github.com/linthan/gocron/internal/service.Task.Initialize#130行#定时任务初始化完成, 共0个定时任务添加到调度器
2018-12-05/21:03:41 [ERR] #F:/go/src/github.com/linthan/gocron/internal/routers/host/host.go#github.com/linthan/gocron/internal/routers/host.All#47行#[[Error 1054: Unknown column 'i_d' in 'field list']]
2018-12-05/21:03:43 [ERR] #F:/go/src/github.com/linthan/gocron/internal/routers/host/host.go#github.com/linthan/gocron/internal/routers/host.Index#30行#[[Error 1054: Unknown column 'i_d' in 'field list']]
2018-12-05/21:03:50 [ERR] #F:/go/src/github.com/linthan/gocron/internal/routers/host/host.go#github.com/linthan/gocron/internal/routers/host.All#47行#[[Error 1054: Unknown column 'i_d' in 'field list']]
2018-12-05/21:12:23 [ERR] #F:/go/src/github.com/linthan/gocron/internal/routers/host/host.go#github.com/linthan/gocron/internal/routers/host.All#47行#[[Error 1054: Unknown column 'i_d' in 'field list']]
2018-12-05/21:12:28 [ERR] #F:/go/src/github.com/linthan/gocron/internal/routers/host/host.go#github.com/linthan/gocron/internal/routers/host.Index#30行#[[Error 1054: Unknown column 'i_d' in 'field list']]
2018-12-05/21:12:33 [ERR] #F:/go/src/github.com/linthan/gocron/internal/routers/host/host.go#github.com/linthan/gocron/internal/routers/host.All#47行#[[Error 1054: Unknown column 'i_d' in 'field list']]
2018-12-05/21:12:35 [ERR] #F:/go/src/github.com/linthan/gocron/internal/routers/host/host.go#github.com/linthan/gocron/internal/routers/host.Index#30行#[[Error 1054: Unknown column 'i_d' in 'field list']]
2018-12-05/21:12:36 [ERR] #F:/go/src/github.com/linthan/gocron/internal/routers/host/host.go#github.com/linthan/gocron/internal/routers/host.All#47行#[[Error 1054: Unknown column 'i_d' in 'field list']]
2018-12-05/21:14:09 [ERR] #F:/go/src/github.com/linthan/gocron/internal/routers/host/host.go#github.com/linthan/gocron/internal/routers/host.All#47行#[[Error 1054: Unknown column 'i_d' in 'field list']]
2018-12-05/21:15:33 [ERR] #F:/go/src/github.com/linthan/gocron/internal/routers/host/host.go#github.com/linthan/gocron/internal/routers/host.All#47行#[[Error 1054: Unknown column 'i_d' in 'field list']]
2018-12-05/21:15:40 [ERR] #F:/go/src/github.com/linthan/gocron/internal/routers/host/host.go#github.com/linthan/gocron/internal/routers/host.All#47行#[[Error 1054: Unknown column 'i_d' in 'field list']]
2018-12-05/21:16:55 [ERR] #F:/go/src/github.com/linthan/gocron/internal/routers/host/host.go#github.com/linthan/gocron/internal/routers/host.All#47行#[[Error 1054: Unknown column 'i_d' in 'field list']]
2018-12-05/21:17:10 [ERR] #F:/go/src/github.com/linthan/gocron/internal/routers/host/host.go#github.com/linthan/gocron/internal/routers/host.All#47行#[[Error 1054: Unknown column 'i_d' in 'field list']]
2018-12-05/21:23:23 [ERR] #F:/go/src/github.com/linthan/gocron/internal/routers/host/host.go#github.com/linthan/gocron/internal/routers/host.All#47行#[[Error 1054: Unknown column 'i_d' in 'field list']]
2018-12-05/21:23:48 [ERR] #F:/go/src/github.com/linthan/gocron/internal/routers/host/host.go#github.com/linthan/gocron/internal/routers/host.All#47行#[[Error 1054: Unknown column 'i_d' in 'field list']]
2018-12-05/21:23:48 [ERR] #F:/go/src/github.com/linthan/gocron/internal/routers/host/host.go#github.com/linthan/gocron/internal/routers/host.All#47行#[[Error 1054: Unknown column 'i_d' in 'field list']]
2018-12-05/21:24:12 [ERR] #F:/go/src/github.com/linthan/gocron/internal/routers/host/host.go#github.com/linthan/gocron/internal/routers/host.All#47行#[[Error 1054: Unknown column 'i_d' in 'field list']]
2018-12-05/21:24:42 [ERR] #F:/go/src/github.com/linthan/gocron/internal/routers/host/host.go#github.com/linthan/gocron/internal/routers/host.All#47行#[[Error 1054: Unknown column 'i_d' in 'field list']]
2018-12-05/21:24:53 [ERR] #F:/go/src/github.com/linthan/gocron/internal/routers/host/host.go#github.com/linthan/gocron/internal/routers/host.All#47行#[[Error 1054: Unknown column 'i_d' in 'field list']]
2018-12-05/21:24:56 [ERR] #F:/go/src/github.com/linthan/gocron/internal/routers/host/host.go#github.com/linthan/gocron/internal/routers/host.All#47行#[[Error 1054: Unknown column 'i_d' in 'field list']]
2018-12-05/21:24:59 [ERR] #F:/go/src/github.com/linthan/gocron/internal/routers/host/host.go#github.com/linthan/gocron/internal/routers/host.All#47行#[[Error 1054: Unknown column 'i_d' in 'field list']]
2018-12-05/21:25:08 [ERR] #F:/go/src/github.com/linthan/gocron/internal/routers/host/host.go#github.com/linthan/gocron/internal/routers/host.All#47行#[[Error 1054: Unknown column 'i_d' in 'field list']]
2018-12-05/21:25:13 [ERR] #F:/go/src/github.com/linthan/gocron/internal/routers/host/host.go#github.com/linthan/gocron/internal/routers/host.All#47行#[[Error 1054: Unknown column 'i_d' in 'field list']]
2018-12-05/21:33:12 [ERR] #F:/go/src/github.com/linthan/gocron/internal/routers/host/host.go#github.com/linthan/gocron/internal/routers/host.All#47行#[[Error 1054: Unknown column 'i_d' in 'field list']]
2018-12-05/21:37:28 [ERR] #F:/go/src/github.com/linthan/gocron/internal/routers/host/host.go#github.com/linthan/gocron/internal/routers/host.All#47行#[[Error 1054: Unknown column 'i_d' in 'field list']]
2018-12-06/10:02:23 [ERR] #F:/go/src/github.com/linthan/gocron/internal/routers/host/host.go#github.com/linthan/gocron/internal/routers/host.All#47行#[[Error 1054: Unknown column 'i_d' in 'field list']]
2018-12-06/10:36:14 [ERR] #F:/go/src/github.com/linthan/gocron/internal/routers/host/host.go#github.com/linthan/gocron/internal/routers/host.All#47行#[[Error 1054: Unknown column 'i_d' in 'field list']]
2018-12-06/12:48:30 [ERR] #F:/go/src/github.com/linthan/gocron/internal/routers/host/host.go#github.com/linthan/gocron/internal/routers/host.All#47行#[[Error 1054: Unknown column 'i_d' in 'field list']]
2018-12-06/12:48:32 [ERR] #F:/go/src/github.com/linthan/gocron/internal/routers/host/host.go#github.com/linthan/gocron/internal/routers/host.Index#30行#[[Error 1054: Unknown column 'i_d' in 'field list']]
2018-12-06/12:48:33 [ERR] #F:/go/src/github.com/linthan/gocron/internal/routers/host/host.go#github.com/linthan/gocron/internal/routers/host.All#47行#[[Error 1054: Unknown column 'i_d' in 'field list']]
2018-12-06/12:49:19 [ERR] #F:/go/src/github.com/linthan/gocron/internal/routers/host/host.go#github.com/linthan/gocron/internal/routers/host.All#47行#[[Error 1054: Unknown column 'i_d' in 'field list']]
2018-12-06/13:03:12 [ERR] #F:/go/src/github.com/linthan/gocron/internal/routers/host/host.go#github.com/linthan/gocron/internal/routers/host.All#47行#[[Error 1054: Unknown column 'i_d' in 'field list']]
2018-12-06/13:08:11 [ERR] #F:/go/src/github.com/linthan/gocron/internal/routers/host/host.go#github.com/linthan/gocron/internal/routers/host.All#47行#[[Error 1054: Unknown column 'i_d' in 'field list']]
2018-12-06/14:02:40 [ERR] #F:/go/src/github.com/linthan/gocron/internal/routers/host/host.go#github.com/linthan/gocron/internal/routers/host.All#47行#[[Error 1054: Unknown column 'i_d' in 'field list']]
2018-12-06/14:32:22 [ERR] #F:/go/src/github.com/linthan/gocron/internal/routers/host/host.go#github.com/linthan/gocron/internal/routers/host.All#47行#[[Error 1054: Unknown column 'i_d' in 'field list']]
2018-12-06/14:40:17 [ERR] #F:/go/src/github.com/linthan/gocron/internal/routers/host/host.go#github.com/linthan/gocron/internal/routers/host.All#47行#[[Error 1054: Unknown column 'i_d' in 'field list']]
2018-12-06/14:40:18 [ERR] #F:/go/src/github.com/linthan/gocron/internal/routers/host/host.go#github.com/linthan/gocron/internal/routers/host.All#47行#[[Error 1054: Unknown column 'i_d' in 'field list']]
2018-12-06/16:33:59 [ERR] #F:/go/src/github.com/linthan/gocron/internal/routers/host/host.go#github.com/linthan/gocron/internal/routers/host.All#47行#[[Error 1054: Unknown column 'i_d' in 'field list']]
2018-12-06/18:17:27 [ERR] #F:/go/src/github.com/linthan/gocron/internal/routers/host/host.go#github.com/linthan/gocron/internal/routers/host.All#47行#[[Error 1054: Unknown column 'i_d' in 'field list']]
2018-12-06/18:23:46 [ERR] #F:/go/src/github.com/linthan/gocron/internal/routers/host/host.go#github.com/linthan/gocron/internal/routers/host.All#47行#[[Error 1054: Unknown column 'i_d' in 'field list']]
2018-12-06/18:23:49 [ERR] #F:/go/src/github.com/linthan/gocron/internal/routers/host/host.go#github.com/linthan/gocron/internal/routers/host.Index#30行#[[Error 1054: Unknown column 'i_d' in 'field list']]
2018-12-06/18:24:05 [ERR] #F:/go/src/github.com/linthan/gocron/internal/routers/host/host.go#github.com/linthan/gocron/internal/routers/host.All#47行#[[Error 1054: Unknown column 'i_d' in 'field list']]
2018-12-06/18:27:54 [ERR] #F:/go/src/github.com/linthan/gocron/internal/routers/host/host.go#github.com/linthan/gocron/internal/routers/host.All#47行#[[Error 1054: Unknown column 'i_d' in 'field list']]
2018-12-07/11:14:46 [ERR] #F:/go/src/github.com/linthan/gocron/internal/routers/host/host.go#github.com/linthan/gocron/internal/routers/host.All#47行#[[Error 1054: Unknown column 'i_d' in 'field list']]
2018-12-07/13:43:09 [ERR] #F:/go/src/github.com/linthan/gocron/internal/routers/host/host.go#github.com/linthan/gocron/internal/routers/host.All#47行#[[Error 1054: Unknown column 'i_d' in 'field list']]
2018-12-07/14:04:48 [ERR] #F:/go/src/github.com/linthan/gocron/internal/routers/host/host.go#github.com/linthan/gocron/internal/routers/host.All#47行#[[Error 1054: Unknown column 'i_d' in 'field list']]
2018-12-07/14:21:27 [ERR] #F:/go/src/github.com/linthan/gocron/internal/routers/host/host.go#github.com/linthan/gocron/internal/routers/host.All#47行#[[Error 1054: Unknown column 'i_d' in 'field list']]
2018-12-12/15:08:58 [INF] #F:/go/src/github.com/linthan/gocron/internal/service/task.go#github.com/linthan/gocron/internal/service.Task.Initialize#110行#[[开始初始化定时任务]]
2018-12-12/15:08:58 [INF] #F:/go/src/github.com/linthan/gocron/internal/service/task.go#github.com/linthan/gocron/internal/service.Task.Initialize#130行#定时任务初始化完成, 共0个定时任务添加到调度器
2018-12-12/15:15:59 [ERR] #F:/go/src/github.com/linthan/gocron/internal/routers/host/host.go#github.com/linthan/gocron/internal/routers/host.All#47行#[[Error 1054: Unknown column 'i_d' in 'field list']]
2018-12-12/17:04:27 [ERR] #F:/go/src/github.com/linthan/gocron/internal/routers/host/host.go#github.com/linthan/gocron/internal/routers/host.All#47行#[[Error 1054: Unknown column 'i_d' in 'field list']]
2018-12-12/17:07:00 [ERR] #F:/go/src/github.com/linthan/gocron/internal/routers/host/host.go#github.com/linthan/gocron/internal/routers/host.All#47行#[[Error 1054: Unknown column 'i_d' in 'field list']]
2018-12-12/17:31:59 [ERR] #F:/go/src/github.com/linthan/gocron/internal/routers/host/host.go#github.com/linthan/gocron/internal/routers/host.All#47行#[[Error 1054: Unknown column 'i_d' in 'field list']]
2018-12-14/10:51:41 [INF] #F:/go/src/github.com/linthan/gocron/internal/service/task.go#github.com/linthan/gocron/internal/service.Task.Initialize#110行#[[开始初始化定时任务]]
2018-12-14/10:51:41 [INF] #F:/go/src/github.com/linthan/gocron/internal/service/task.go#github.com/linthan/gocron/internal/service.Task.Initialize#130行#定时任务初始化完成, 共0个定时任务添加到调度器
2018-12-14/10:53:03 [ERR] #F:/go/src/github.com/linthan/gocron/internal/routers/host/host.go#github.com/linthan/gocron/internal/routers/host.All#47行#[[Error 1054: Unknown column 'i_d' in 'field list']]
2018-12-14/10:54:34 [ERR] #F:/go/src/github.com/linthan/gocron/internal/routers/host/host.go#github.com/linthan/gocron/internal/routers/host.All#47行#[[Error 1054: Unknown column 'i_d' in 'field list']]
2018-12-14/11:30:01 [ERR] #F:/go/src/github.com/linthan/gocron/internal/routers/host/host.go#github.com/linthan/gocron/internal/routers/host.All#47行#[[Error 1054: Unknown column 'i_d' in 'field list']]
2018-12-17/09:56:20 [INF] #F:/go/src/github.com/linthan/gocron/internal/service/task.go#github.com/linthan/gocron/internal/service.Task.Initialize#110行#[[开始初始化定时任务]]
2018-12-17/09:56:20 [INF] #F:/go/src/github.com/linthan/gocron/internal/service/task.go#github.com/linthan/gocron/internal/service.Task.Initialize#130行#定时任务初始化完成, 共0个定时任务添加到调度器
2018-12-17/09:58:04 [ERR] #F:/go/src/github.com/linthan/gocron/internal/routers/host/host.go#github.com/linthan/gocron/internal/routers/host.All#47行#[[Error 1054: Unknown column 'i_d' in 'field list']]
2018-12-17/11:45:52 [ERR] #F:/go/src/github.com/linthan/gocron/internal/routers/host/host.go#github.com/linthan/gocron/internal/routers/host.All#47行#[[Error 1054: Unknown column 'i_d' in 'field list']]
2018-12-17/11:52:00 [ERR] #F:/go/src/github.com/linthan/gocron/internal/routers/host/host.go#github.com/linthan/gocron/internal/routers/host.All#47行#[[Error 1054: Unknown column 'i_d' in 'field list']]
2018-12-17/12:48:55 [ERR] #F:/go/src/github.com/linthan/gocron/internal/routers/host/host.go#github.com/linthan/gocron/internal/routers/host.All#47行#[[Error 1054: Unknown column 'i_d' in 'field list']]
2018-12-17/13:44:39 [ERR] #F:/go/src/github.com/linthan/gocron/internal/routers/host/host.go#github.com/linthan/gocron/internal/routers/host.All#47行#[[Error 1054: Unknown column 'i_d' in 'field list']]
2018-12-17/13:53:47 [ERR] #F:/go/src/github.com/linthan/gocron/internal/routers/host/host.go#github.com/linthan/gocron/internal/routers/host.All#47行#[[Error 1054: Unknown column 'i_d' in 'field list']]
2018-12-17/14:00:37 [ERR] #F:/go/src/github.com/linthan/gocron/internal/routers/host/host.go#github.com/linthan/gocron/internal/routers/host.All#47行#[[Error 1054: Unknown column 'i_d' in 'field list']]
2018-12-17/14:02:51 [ERR] #F:/go/src/github.com/linthan/gocron/internal/routers/host/host.go#github.com/linthan/gocron/internal/routers/host.All#47行#[[Error 1054: Unknown column 'i_d' in 'field list']]
2018-12-17/14:08:24 [ERR] #F:/go/src/github.com/linthan/gocron/internal/routers/host/host.go#github.com/linthan/gocron/internal/routers/host.All#47行#[[Error 1054: Unknown column 'i_d' in 'field list']]
2018-12-17/15:22:29 [ERR] #F:/go/src/github.com/linthan/gocron/internal/routers/host/host.go#github.com/linthan/gocron/internal/routers/host.All#47行#[[Error 1054: Unknown column 'i_d' in 'field list']]
2018-12-17/15:36:12 [INF] #F:/go/src/github.com/linthan/gocron/cmd/gocron/gocron.go#main.catchSignal#156行#[[收到信号 --  interrupt]]
2018-12-17/15:36:12 [INF] #F:/go/src/github.com/linthan/gocron/cmd/gocron/gocron.go#main.shutdown#176行#[[应用准备退出]]
2018-12-17/15:36:12 [INF] #F:/go/src/github.com/linthan/gocron/cmd/gocron/gocron.go#main.shutdown#178行#[[停止定时任务调度]]
2018-12-17/15:36:12 [INF] #F:/go/src/github.com/linthan/gocron/cmd/gocron/gocron.go#main.shutdown.func1#169行#[[已退出]]
2018-12-19/15:07:13 [INF] #F:/go/src/github.com/linthan/gocron/internal/service/task.go#github.com/linthan/gocron/internal/service.Task.Initialize#110行#[[开始初始化定时任务]]
2018-12-19/15:07:13 [INF] #F:/go/src/github.com/linthan/gocron/internal/service/task.go#github.com/linthan/gocron/internal/service.Task.Initialize#130行#定时任务初始化完成, 共0个定时任务添加到调度器
2018-12-19/15:12:21 [ERR] #F:/go/src/github.com/linthan/gocron/internal/routers/host/host.go#github.com/linthan/gocron/internal/routers/host.All#47行#[[Error 1054: Unknown column 'i_d' in 'field list']]
2018-12-19/15:55:25 [ERR] #F:/go/src/github.com/linthan/gocron/internal/routers/host/host.go#github.com/linthan/gocron/internal/routers/host.All#47行#[[Error 1054: Unknown column 'i_d' in 'field list']]
2018-12-19/16:20:12 [ERR] #F:/go/src/github.com/linthan/gocron/internal/routers/host/host.go#github.com/linthan/gocron/internal/routers/host.All#47行#[[Error 1054: Unknown column 'i_d' in 'field list']]
2018-12-19/16:31:36 [INF] #F:/go/src/github.com/linthan/gocron/cmd/gocron/gocron.go#main.catchSignal#156行#[[收到信号 --  interrupt]]
2018-12-19/16:31:36 [INF] #F:/go/src/github.com/linthan/gocron/cmd/gocron/gocron.go#main.shutdown#176行#[[应用准备退出]]
2018-12-19/16:31:36 [INF] #F:/go/src/github.com/linthan/gocron/cmd/gocron/gocron.go#main.shutdown#178行#[[停止定时任务调度]]
2018-12-19/16:31:36 [INF] #F:/go/src/github.com/linthan/gocron/cmd/gocron/gocron.go#main.shutdown.func1#169行#[[已退出]]
2018-12-20/17:34:11 [INF] #F:/go/src/github.com/linthan/gocron/internal/service/task.go#github.com/linthan/gocron/internal/service.Task.Initialize#110行#[[开始初始化定时任务]]
2018-12-20/17:34:12 [INF] #F:/go/src/github.com/linthan/gocron/internal/service/task.go#github.com/linthan/gocron/internal/service.Task.Initialize#130行#定时任务初始化完成, 共0个定时任务添加到调度器
2018-12-20/17:35:36 [ERR] #F:/go/src/github.com/linthan/gocron/internal/routers/host/host.go#github.com/linthan/gocron/internal/routers/host.All#47行#[[Error 1054: Unknown column 'i_d' in 'field list']]
2018-12-21/09:02:45 [ERR] #F:/go/src/github.com/linthan/gocron/internal/routers/host/host.go#github.com/linthan/gocron/internal/routers/host.All#47行#[[Error 1054: Unknown column 'i_d' in 'field list']]
2018-12-21/09:07:33 [INF] #F:/go/src/github.com/linthan/gocron/cmd/gocron/gocron.go#main.catchSignal#156行#[[收到信号 --  interrupt]]
2018-12-21/09:07:33 [INF] #F:/go/src/github.com/linthan/gocron/cmd/gocron/gocron.go#main.shutdown#176行#[[应用准备退出]]
2018-12-21/09:07:33 [INF] #F:/go/src/github.com/linthan/gocron/cmd/gocron/gocron.go#main.shutdown#178行#[[停止定时任务调度]]
2018-12-21/09:07:33 [INF] #F:/go/src/github.com/linthan/gocron/cmd/gocron/gocron.go#main.shutdown.func1#169行#[[已退出]]
2018-12-21/09:08:11 [INF] #F:/go/src/github.com/linthan/gocron/internal/service/task.go#github.com/linthan/gocron/internal/service.Task.Initialize#110行#[[开始初始化定时任务]]
2018-12-21/09:08:11 [INF] #F:/go/src/github.com/linthan/gocron/internal/service/task.go#github.com/linthan/gocron/internal/service.Task.Initialize#130行#定时任务初始化完成, 共0个定时任务添加到调度器
2018-12-21/09:08:48 [ERR] #F:/go/src/github.com/linthan/gocron/internal/routers/host/host.go#github.com/linthan/gocron/internal/routers/host.All#47行#[[Error 1054: Unknown column 'i_d' in 'field list']]
2018-12-21/09:55:32 [ERR] #F:/go/src/github.com/linthan/gocron/internal/routers/host/host.go#github.com/linthan/gocron/internal/routers/host.All#47行#[[Error 1054: Unknown column 'i_d' in 'field list']]
2018-12-21/14:01:47 [ERR] #F:/go/src/github.com/linthan/gocron/internal/routers/host/host.go#github.com/linthan/gocron/internal/routers/host.All#47行#[[Error 1054: Unknown column 'i_d' in 'field list']]
2018-12-21/14:25:03 [ERR] #F:/go/src/github.com/linthan/gocron/internal/routers/host/host.go#github.com/linthan/gocron/internal/routers/host.All#47行#[[Error 1054: Unknown column 'i_d' in 'field list']]
2018-12-21/14:31:36 [ERR] #F:/go/src/github.com/linthan/gocron/internal/routers/host/host.go#github.com/linthan/gocron/internal/routers/host.All#47行#[[Error 1054: Unknown column 'i_d' in 'field list']]
2018-12-21/16:05:34 [INF] #F:/go/src/github.com/linthan/gocron/internal/service/task.go#github.com/linthan/gocron/internal/service.Task.Initialize#110行#[[开始初始化定时任务]]
2018-12-21/16:05:34 [INF] #F:/go/src/github.com/linthan/gocron/internal/service/task.go#github.com/linthan/gocron/internal/service.Task.Initialize#130行#定时任务初始化完成, 共0个定时任务添加到调度器
2018-12-21/16:06:19 [ERR] #F:/go/src/github.com/linthan/gocron/internal/routers/host/host.go#github.com/linthan/gocron/internal/routers/host.All#47行#[[Error 1054: Unknown column 'i_d' in 'field list']]
2018-12-21/16:45:26 [INF] #F:/go/src/github.com/linthan/gocron/internal/service/task.go#github.com/linthan/gocron/internal/service.Task.Initialize#110行#[[开始初始化定时任务]]
2018-12-21/16:45:26 [INF] #F:/go/src/github.com/linthan/gocron/internal/service/task.go#github.com/linthan/gocron/internal/service.Task.Initialize#130行#定时任务初始化完成, 共0个定时任务添加到调度器
2018-12-21/17:37:32 [INF] #F:/go/src/github.com/linthan/gocron/internal/service/task.go#github.com/linthan/gocron/internal/service.Task.Initialize#110行#[[开始初始化定时任务]]
2018-12-21/17:37:33 [INF] #F:/go/src/github.com/linthan/gocron/internal/service/task.go#github.com/linthan/gocron/internal/service.Task.Initialize#130行#定时任务初始化完成, 共0个定时任务添加到调度器
2018-12-21/17:50:15 [INF] #F:/go/src/github.com/linthan/gocron/cmd/gocron/gocron.go#main.catchSignal#156行#[[收到信号 --  interrupt]]
2018-12-21/17:50:15 [INF] #F:/go/src/github.com/linthan/gocron/cmd/gocron/gocron.go#main.shutdown#176行#[[应用准备退出]]
2018-12-21/17:50:15 [INF] #F:/go/src/github.com/linthan/gocron/cmd/gocron/gocron.go#main.shutdown#178行#[[停止定时任务调度]]
2018-12-21/17:50:15 [INF] #F:/go/src/github.com/linthan/gocron/cmd/gocron/gocron.go#main.shutdown.func1#169行#[[已退出]]
2018-12-21/20:18:43 [INF] #F:/go/src/github.com/linthan/gocron/internal/service/task.go#github.com/linthan/gocron/internal/service.Task.Initialize#110行#[[开始初始化定时任务]]
2018-12-21/20:18:43 [INF] #F:/go/src/github.com/linthan/gocron/internal/service/task.go#github.com/linthan/gocron/internal/service.Task.Initialize#130行#定时任务初始化完成, 共0个定时任务添加到调度器
2018-12-21/20:20:11 [ERR] #F:/go/src/github.com/linthan/gocron/internal/routers/host/host.go#github.com/linthan/gocron/internal/routers/host.All#47行#[[Error 1054: Unknown column 'i_d' in 'field list']]
2018-12-21/20:23:50 [ERR] #F:/go/src/github.com/linthan/gocron/internal/routers/host/host.go#github.com/linthan/gocron/internal/routers/host.All#47行#[[Error 1054: Unknown column 'i_d' in 'field list']]
2018-12-21/20:33:46 [ERR] #F:/go/src/github.com/linthan/gocron/internal/routers/host/host.go#github.com/linthan/gocron/internal/routers/host.All#47行#[[Error 1054: Unknown column 'i_d' in 'field list']]
2018-12-21/21:09:22 [ERR] #F:/go/src/github.com/linthan/gocron/internal/routers/host/host.go#github.com/linthan/gocron/internal/routers/host.All#47行#[[Error 1054: Unknown column 'i_d' in 'field list']]
2018-12-24/08:54:57 [ERR] #F:/go/src/github.com/linthan/gocron/internal/routers/host/host.go#github.com/linthan/gocron/internal/routers/host.All#47行#[[Error 1054: Unknown column 'i_d' in 'field list']]
2018-12-24/09:42:25 [ERR] #F:/go/src/github.com/linthan/gocron/internal/routers/host/host.go#github.com/linthan/gocron/internal/routers/host.All#47行#[[Error 1054: Unknown column 'i_d' in 'field list']]
2018-12-24/12:44:59 [ERR] #F:/go/src/github.com/linthan/gocron/internal/routers/host/host.go#github.com/linthan/gocron/internal/routers/host.All#47行#[[Error 1054: Unknown column 'i_d' in 'field list']]
2018-12-24/13:36:26 [ERR] #F:/go/src/github.com/linthan/gocron/internal/routers/host/host.go#github.com/linthan/gocron/internal/routers/host.All#47行#[[Error 1054: Unknown column 'i_d' in 'field list']]
2018-12-24/13:36:34 [ERR] #F:/go/src/github.com/linthan/gocron/internal/routers/host/host.go#github.com/linthan/gocron/internal/routers/host.All#47行#[[Error 1054: Unknown column 'i_d' in 'field list']]
2018-12-24/16:04:34 [ERR] #F:/go/src/github.com/linthan/gocron/internal/routers/host/host.go#github.com/linthan/gocron/internal/routers/host.All#47行#[[Error 1054: Unknown column 'i_d' in 'field list']]
2018-12-24/16:04:56 [ERR] #F:/go/src/github.com/linthan/gocron/internal/routers/host/host.go#github.com/linthan/gocron/internal/routers/host.All#47行#[[Error 1054: Unknown column 'i_d' in 'field list']]
2018-12-24/19:54:06 [ERR] #F:/go/src/github.com/linthan/gocron/internal/routers/host/host.go#github.com/linthan/gocron/internal/routers/host.All#47行#[[Error 1054: Unknown column 'i_d' in 'field list']]
2018-12-24/20:19:04 [ERR] #F:/go/src/github.com/linthan/gocron/internal/routers/host/host.go#github.com/linthan/gocron/internal/routers/host.All#47行#[[Error 1054: Unknown column 'i_d' in 'field list']]
2018-12-25/11:23:38 [INF] #F:/go/src/github.com/linthan/gocron/internal/service/task.go#github.com/linthan/gocron/internal/service.Task.Initialize#110行#[[开始初始化定时任务]]
2018-12-25/11:23:38 [INF] #F:/go/src/github.com/linthan/gocron/internal/service/task.go#github.com/linthan/gocron/internal/service.Task.Initialize#130行#定时任务初始化完成, 共0个定时任务添加到调度器
2018-12-25/13:42:10 [ERR] #F:/go/src/github.com/linthan/gocron/internal/routers/host/host.go#github.com/linthan/gocron/internal/routers/host.All#47行#[[Error 1054: Unknown column 'i_d' in 'field list']]
2018-12-25/13:44:04 [ERR] #F:/go/src/github.com/linthan/gocron/internal/routers/host/host.go#github.com/linthan/gocron/internal/routers/host.All#47行#[[Error 1054: Unknown column 'i_d' in 'field list']]
2018-12-25/13:46:08 [ERR] #F:/go/src/github.com/linthan/gocron/internal/routers/host/host.go#github.com/linthan/gocron/internal/routers/host.All#47行#[[Error 1054: Unknown column 'i_d' in 'field list']]
2018-12-25/13:46:16 [ERR] #F:/go/src/github.com/linthan/gocron/internal/routers/host/host.go#github.com/linthan/gocron/internal/routers/host.All#47行#[[Error 1054: Unknown column 'i_d' in 'field list']]
2018-12-25/13:49:23 [ERR] #F:/go/src/github.com/linthan/gocron/internal/routers/host/host.go#github.com/linthan/gocron/internal/routers/host.All#47行#[[Error 1054: Unknown column 'i_d' in 'field list']]
2018-12-25/13:53:35 [ERR] #F:/go/src/github.com/linthan/gocron/internal/routers/host/host.go#github.com/linthan/gocron/internal/routers/host.All#47行#[[Error 1054: Unknown column 'i_d' in 'field list']]
2018-12-25/13:53:44 [ERR] #F:/go/src/github.com/linthan/gocron/internal/routers/host/host.go#github.com/linthan/gocron/internal/routers/host.All#47行#[[Error 1054: Unknown column 'i_d' in 'field list']]
2018-12-25/14:27:51 [ERR] #F:/go/src/github.com/linthan/gocron/internal/routers/host/host.go#github.com/linthan/gocron/internal/routers/host.All#47行#[[Error 1054: Unknown column 'i_d' in 'field list']]
2018-12-25/15:23:36 [ERR] #F:/go/src/github.com/linthan/gocron/internal/routers/host/host.go#github.com/linthan/gocron/internal/routers/host.All#47行#[[Error 1054: Unknown column 'i_d' in 'field list']]
2018-12-25/15:56:48 [ERR] #F:/go/src/github.com/linthan/gocron/internal/routers/host/host.go#github.com/linthan/gocron/internal/routers/host.All#47行#[[Error 1054: Unknown column 'i_d' in 'field list']]
2018-12-26/09:40:54 [ERR] #F:/go/src/github.com/linthan/gocron/internal/routers/host/host.go#github.com/linthan/gocron/internal/routers/host.All#47行#[[Error 1054: Unknown column 'i_d' in 'field list']]
2018-12-26/11:23:21 [ERR] #F:/go/src/github.com/linthan/gocron/internal/routers/host/host.go#github.com/linthan/gocron/internal/routers/host.All#47行#[[Error 1054: Unknown column 'i_d' in 'field list']]
2018-12-26/11:38:41 [ERR] #F:/go/src/github.com/linthan/gocron/internal/routers/host/host.go#github.com/linthan/gocron/internal/routers/host.All#47行#[[Error 1054: Unknown column 'i_d' in 'field list']]
2018-12-26/11:39:24 [ERR] #F:/go/src/github.com/linthan/gocron/internal/routers/host/host.go#github.com/linthan/gocron/internal/routers/host.All#47行#[[Error 1054: Unknown column 'i_d' in 'field list']]
2018-12-26/11:39:26 [ERR] #F:/go/src/github.com/linthan/gocron/internal/routers/host/host.go#github.com/linthan/gocron/internal/routers/host.All#47行#[[Error 1054: Unknown column 'i_d' in 'field list']]
2018-12-26/11:40:30 [ERR] #F:/go/src/github.com/linthan/gocron/internal/routers/host/host.go#github.com/linthan/gocron/internal/routers/host.All#47行#[[Error 1054: Unknown column 'i_d' in 'field list']]
2018-12-26/11:40:34 [ERR] #F:/go/src/github.com/linthan/gocron/internal/routers/host/host.go#github.com/linthan/gocron/internal/routers/host.All#47行#[[Error 1054: Unknown column 'i_d' in 'field list']]
2018-12-26/11:40:34 [ERR] #F:/go/src/github.com/linthan/gocron/internal/routers/host/host.go#github.com/linthan/gocron/internal/routers/host.All#47行#[[Error 1054: Unknown column 'i_d' in 'field list']]
2018-12-26/11:41:14 [ERR] #F:/go/src/github.com/linthan/gocron/internal/routers/host/host.go#github.com/linthan/gocron/internal/routers/host.All#47行#[[Error 1054: Unknown column 'i_d' in 'field list']]
2018-12-26/11:41:18 [ERR] #F:/go/src/github.com/linthan/gocron/internal/routers/host/host.go#github.com/linthan/gocron/internal/routers/host.All#47行#[[Error 1054: Unknown column 'i_d' in 'field list']]
2018-12-26/11:41:18 [ERR] #F:/go/src/github.com/linthan/gocron/internal/routers/host/host.go#github.com/linthan/gocron/internal/routers/host.All#47行#[[Error 1054: Unknown column 'i_d' in 'field list']]
2018-12-26/11:41:18 [ERR] #F:/go/src/github.com/linthan/gocron/internal/routers/host/host.go#github.com/linthan/gocron/internal/routers/host.All#47行#[[Error 1054: Unknown column 'i_d' in 'field list']]
2018-12-26/11:46:07 [ERR] #F:/go/src/github.com/linthan/gocron/internal/routers/host/host.go#github.com/linthan/gocron/internal/routers/host.All#47行#[[Error 1054: Unknown column 'i_d' in 'field list']]
2018-12-26/11:46:11 [ERR] #F:/go/src/github.com/linthan/gocron/internal/routers/host/host.go#github.com/linthan/gocron/internal/routers/host.All#47行#[[Error 1054: Unknown column 'i_d' in 'field list']]
2018-12-26/11:46:12 [ERR] #F:/go/src/github.com/linthan/gocron/internal/routers/host/host.go#github.com/linthan/gocron/internal/routers/host.All#47行#[[Error 1054: Unknown column 'i_d' in 'field list']]
2018-12-26/11:46:12 [ERR] #F:/go/src/github.com/linthan/gocron/internal/routers/host/host.go#github.com/linthan/gocron/internal/routers/host.All#47行#[[Error 1054: Unknown column 'i_d' in 'field list']]
2018-12-26/11:46:13 [ERR] #F:/go/src/github.com/linthan/gocron/internal/routers/host/host.go#github.com/linthan/gocron/internal/routers/host.All#47行#[[Error 1054: Unknown column 'i_d' in 'field list']]
2018-12-26/11:48:59 [ERR] #F:/go/src/github.com/linthan/gocron/internal/routers/host/host.go#github.com/linthan/gocron/internal/routers/host.All#47行#[[Error 1054: Unknown column 'i_d' in 'field list']]
2018-12-26/11:49:09 [ERR] #F:/go/src/github.com/linthan/gocron/internal/routers/host/host.go#github.com/linthan/gocron/internal/routers/host.All#47行#[[Error 1054: Unknown column 'i_d' in 'field list']]
2018-12-26/11:49:09 [ERR] #F:/go/src/github.com/linthan/gocron/internal/routers/host/host.go#github.com/linthan/gocron/internal/routers/host.All#47行#[[Error 1054: Unknown column 'i_d' in 'field list']]
2018-12-26/11:49:09 [ERR] #F:/go/src/github.com/linthan/gocron/internal/routers/host/host.go#github.com/linthan/gocron/internal/routers/host.All#47行#[[Error 1054: Unknown column 'i_d' in 'field list']]
2018-12-26/11:49:09 [ERR] #F:/go/src/github.com/linthan/gocron/internal/routers/host/host.go#github.com/linthan/gocron/internal/routers/host.All#47行#[[Error 1054: Unknown column 'i_d' in 'field list']]
2018-12-26/11:49:10 [ERR] #F:/go/src/github.com/linthan/gocron/internal/routers/host/host.go#github.com/linthan/gocron/internal/routers/host.All#47行#[[Error 1054: Unknown column 'i_d' in 'field list']]
2018-12-26/13:08:32 [INF] #F:/go/src/github.com/linthan/gocron/internal/service/task.go#github.com/linthan/gocron/internal/service.Task.Initialize#110行#[[开始初始化定时任务]]
2018-12-26/13:08:32 [INF] #F:/go/src/github.com/linthan/gocron/internal/service/task.go#github.com/linthan/gocron/internal/service.Task.Initialize#130行#定时任务初始化完成, 共0个定时任务添加到调度器
2018-12-26/13:08:55 [ERR] #F:/go/src/github.com/linthan/gocron/internal/routers/host/host.go#github.com/linthan/gocron/internal/routers/host.All#47行#[[Error 1054: Unknown column 'i_d' in 'field list']]
2018-12-26/13:13:28 [INF] #F:/go/src/github.com/linthan/gocron/internal/service/task.go#github.com/linthan/gocron/internal/service.Task.Initialize#110行#[[开始初始化定时任务]]
2018-12-26/13:13:28 [INF] #F:/go/src/github.com/linthan/gocron/internal/service/task.go#github.com/linthan/gocron/internal/service.Task.Initialize#130行#定时任务初始化完成, 共0个定时任务添加到调度器
2018-12-26/13:13:59 [ERR] #F:/go/src/github.com/linthan/gocron/internal/routers/host/host.go#github.com/linthan/gocron/internal/routers/host.All#47行#[[Error 1054: Unknown column 'i_d' in 'field list']]
2018-12-26/13:47:19 [ERR] #F:/go/src/github.com/linthan/gocron/internal/routers/host/host.go#github.com/linthan/gocron/internal/routers/host.All#47行#[[Error 1054: Unknown column 'i_d' in 'field list']]
2018-12-26/13:47:27 [ERR] #F:/go/src/github.com/linthan/gocron/internal/routers/host/host.go#github.com/linthan/gocron/internal/routers/host.All#47行#[[Error 1054: Unknown column 'i_d' in 'field list']]
2019-01-17/11:22:05 [INF] #F:/go/src/github.com/linthan/gocron/internal/service/task.go#github.com/linthan/gocron/internal/service.Task.Initialize#110行#[[开始初始化定时任务]]
2019-01-17/11:22:05 [INF] #F:/go/src/github.com/linthan/gocron/internal/service/task.go#github.com/linthan/gocron/internal/service.Task.Initialize#130行#定时任务初始化完成, 共1个定时任务添加到调度器
2019-01-17/11:25:00 [ERR] #F:/go/src/github.com/linthan/gocron/internal/routers/host/host.go#github.com/linthan/gocron/internal/routers/host.All#47行#[[Error 1054: Unknown column 'i_d' in 'field list']]
2019-01-17/11:25:02 [ERR] #F:/go/src/github.com/linthan/gocron/internal/routers/host/host.go#github.com/linthan/gocron/internal/routers/host.Index#30行#[[Error 1054: Unknown column 'i_d' in 'field list']]
2019-02-20/08:29:14 [INF] #F:/go/src/github.com/linthan/gocron/internal/service/task.go#github.com/linthan/gocron/internal/service.Task.Initialize#110行#[[开始初始化定时任务]]
2019-02-20/08:29:15 [INF] #F:/go/src/github.com/linthan/gocron/internal/service/task.go#github.com/linthan/gocron/internal/service.Task.Initialize#130行#定时任务初始化完成, 共1个定时任务添加到调度器
2019-02-20/08:29:33 [ERR] #F:/go/src/github.com/linthan/gocron/internal/routers/host/host.go#github.com/linthan/gocron/internal/routers/host.All#47行#[[Error 1054: Unknown column 'i_d' in 'field list']]
2019-02-20/08:29:42 [ERR] #F:/go/src/github.com/linthan/gocron/internal/routers/host/host.go#github.com/linthan/gocron/internal/routers/host.All#47行#[[Error 1054: Unknown column 'i_d' in 'field list']]
2019-02-20/08:29:52 [ERR] #F:/go/src/github.com/linthan/gocron/internal/routers/host/host.go#github.com/linthan/gocron/internal/routers/host.All#47行#[[Error 1054: Unknown column 'i_d' in 'field list']]
2019-02-20/08:29:56 [ERR] #F:/go/src/github.com/linthan/gocron/internal/routers/host/host.go#github.com/linthan/gocron/internal/routers/host.All#47行#[[Error 1054: Unknown column 'i_d' in 'field list']]
2019-02-20/08:30:00 [INF] #F:/go/src/github.com/linthan/gocron/internal/service/task.go#github.com/linthan/gocron/internal/service.createJob.func1#331行#开始执行任务#ls#命令-bin/melican-shangmu cron maili job2 --config config/config-prod.toml
2019-02-20/08:30:00 [INF] #F:/go/src/github.com/linthan/gocron/internal/service/task.go#github.com/linthan/gocron/internal/service.createJob.func1#333行#任务完成#ls#命令-bin/melican-shangmu cron maili job2 --config config/config-prod.toml
2019-02-20/08:30:24 [ERR] #F:/go/src/github.com/linthan/gocron/internal/routers/host/host.go#github.com/linthan/gocron/internal/routers/host.All#47行#[[Error 1054: Unknown column 'i_d' in 'field list']]
2019-02-20/08:30:25 [ERR] #F:/go/src/github.com/linthan/gocron/internal/routers/host/host.go#github.com/linthan/gocron/internal/routers/host.Index#30行#[[Error 1054: Unknown column 'i_d' in 'field list']]
2019-02-20/08:31:37 [ERR] #F:/go/src/github.com/linthan/gocron/internal/routers/host/host.go#github.com/linthan/gocron/internal/routers/host.All#47行#[[Error 1054: Unknown column 'i_d' in 'field list']]
2019-02-20/08:31:40 [ERR] #F:/go/src/github.com/linthan/gocron/internal/routers/host/host.go#github.com/linthan/gocron/internal/routers/host.Index#30行#[[Error 1054: Unknown column 'i_d' in 'field list']]
2019-02-20/09:00:00 [INF] #F:/go/src/github.com/linthan/gocron/internal/service/task.go#github.com/linthan/gocron/internal/service.createJob.func1#331行#开始执行任务#ls#命令-bin/melican-shangmu cron maili job2 --config config/config-prod.toml
2019-02-20/09:00:04 [INF] #F:/go/src/github.com/linthan/gocron/internal/service/task.go#github.com/linthan/gocron/internal/service.createJob.func1#333行#任务完成#ls#命令-bin/melican-shangmu cron maili job2 --config config/config-prod.toml
2019-02-20/09:30:00 [INF] #F:/go/src/github.com/linthan/gocron/internal/service/task.go#github.com/linthan/gocron/internal/service.createJob.func1#331行#开始执行任务#ls#命令-bin/melican-shangmu cron maili job2 --config config/config-prod.toml
2019-02-20/09:30:00 [INF] #F:/go/src/github.com/linthan/gocron/internal/service/task.go#github.com/linthan/gocron/internal/service.createJob.func1#333行#任务完成#ls#命令-bin/melican-shangmu cron maili job2 --config config/config-prod.toml
2019-02-20/10:00:00 [INF] #F:/go/src/github.com/linthan/gocron/internal/service/task.go#github.com/linthan/gocron/internal/service.createJob.func1#331行#开始执行任务#ls#命令-bin/melican-shangmu cron maili job2 --config config/config-prod.toml
2019-02-20/10:00:00 [INF] #F:/go/src/github.com/linthan/gocron/internal/service/task.go#github.com/linthan/gocron/internal/service.createJob.func1#333行#任务完成#ls#命令-bin/melican-shangmu cron maili job2 --config config/config-prod.toml
2019-02-20/10:30:00 [INF] #F:/go/src/github.com/linthan/gocron/internal/service/task.go#github.com/linthan/gocron/internal/service.createJob.func1#331行#开始执行任务#ls#命令-bin/melican-shangmu cron maili job2 --config config/config-prod.toml
2019-02-20/10:30:00 [INF] #F:/go/src/github.com/linthan/gocron/internal/service/task.go#github.com/linthan/gocron/internal/service.createJob.func1#333行#任务完成#ls#命令-bin/melican-shangmu cron maili job2 --config config/config-prod.toml
2019-02-20/11:00:00 [INF] #F:/go/src/github.com/linthan/gocron/internal/service/task.go#github.com/linthan/gocron/internal/service.createJob.func1#331行#开始执行任务#ls#命令-bin/melican-shangmu cron maili job2 --config config/config-prod.toml
2019-02-20/11:00:00 [INF] #F:/go/src/github.com/linthan/gocron/internal/service/task.go#github.com/linthan/gocron/internal/service.createJob.func1#333行#任务完成#ls#命令-bin/melican-shangmu cron maili job2 --config config/config-prod.toml
2019-02-20/11:26:54 [ERR] #F:/go/src/github.com/linthan/gocron/internal/routers/host/host.go#github.com/linthan/gocron/internal/routers/host.Index#30行#[[Error 1054: Unknown column 'i_d' in 'field list']]
2019-02-20/11:30:00 [INF] #F:/go/src/github.com/linthan/gocron/internal/service/task.go#github.com/linthan/gocron/internal/service.createJob.func1#331行#开始执行任务#ls#命令-bin/melican-shangmu cron maili job2 --config config/config-prod.toml
2019-02-20/11:30:00 [INF] #F:/go/src/github.com/linthan/gocron/internal/service/task.go#github.com/linthan/gocron/internal/service.createJob.func1#333行#任务完成#ls#命令-bin/melican-shangmu cron maili job2 --config config/config-prod.toml
2019-02-20/11:37:19 [ERR] #F:/go/src/github.com/linthan/gocron/internal/routers/host/host.go#github.com/linthan/gocron/internal/routers/host.Index#30行#[[Error 1054: Unknown column 'i_d' in 'field list']]
2019-02-20/12:00:00 [INF] #F:/go/src/github.com/linthan/gocron/internal/service/task.go#github.com/linthan/gocron/internal/service.createJob.func1#331行#开始执行任务#ls#命令-bin/melican-shangmu cron maili job2 --config config/config-prod.toml
2019-02-20/12:00:00 [INF] #F:/go/src/github.com/linthan/gocron/internal/service/task.go#github.com/linthan/gocron/internal/service.createJob.func1#333行#任务完成#ls#命令-bin/melican-shangmu cron maili job2 --config config/config-prod.toml
2019-02-20/12:30:00 [INF] #F:/go/src/github.com/linthan/gocron/internal/service/task.go#github.com/linthan/gocron/internal/service.createJob.func1#331行#开始执行任务#ls#命令-bin/melican-shangmu cron maili job2 --config config/config-prod.toml
2019-02-20/12:30:00 [INF] #F:/go/src/github.com/linthan/gocron/internal/service/task.go#github.com/linthan/gocron/internal/service.createJob.func1#333行#任务完成#ls#命令-bin/melican-shangmu cron maili job2 --config config/config-prod.toml
2019-02-20/13:00:00 [INF] #F:/go/src/github.com/linthan/gocron/internal/service/task.go#github.com/linthan/gocron/internal/service.createJob.func1#331行#开始执行任务#ls#命令-bin/melican-shangmu cron maili job2 --config config/config-prod.toml
2019-02-20/13:00:00 [INF] #F:/go/src/github.com/linthan/gocron/internal/service/task.go#github.com/linthan/gocron/internal/service.createJob.func1#333行#任务完成#ls#命令-bin/melican-shangmu cron maili job2 --config config/config-prod.toml
2019-02-20/13:30:00 [INF] #F:/go/src/github.com/linthan/gocron/internal/service/task.go#github.com/linthan/gocron/internal/service.createJob.func1#331行#开始执行任务#ls#命令-bin/melican-shangmu cron maili job2 --config config/config-prod.toml
2019-02-20/13:30:00 [INF] #F:/go/src/github.com/linthan/gocron/internal/service/task.go#github.com/linthan/gocron/internal/service.createJob.func1#333行#任务完成#ls#命令-bin/melican-shangmu cron maili job2 --config config/config-prod.toml
2019-02-20/14:00:00 [INF] #F:/go/src/github.com/linthan/gocron/internal/service/task.go#github.com/linthan/gocron/internal/service.createJob.func1#331行#开始执行任务#ls#命令-bin/melican-shangmu cron maili job2 --config config/config-prod.toml
2019-02-20/14:00:00 [INF] #F:/go/src/github.com/linthan/gocron/internal/service/task.go#github.com/linthan/gocron/internal/service.createJob.func1#333行#任务完成#ls#命令-bin/melican-shangmu cron maili job2 --config config/config-prod.toml
2019-02-20/14:30:00 [INF] #F:/go/src/github.com/linthan/gocron/internal/service/task.go#github.com/linthan/gocron/internal/service.createJob.func1#331行#开始执行任务#ls#命令-bin/melican-shangmu cron maili job2 --config config/config-prod.toml
2019-02-20/14:30:00 [INF] #F:/go/src/github.com/linthan/gocron/internal/service/task.go#github.com/linthan/gocron/internal/service.createJob.func1#333行#任务完成#ls#命令-bin/melican-shangmu cron maili job2 --config config/config-prod.toml
2019-02-20/15:00:00 [INF] #F:/go/src/github.com/linthan/gocron/internal/service/task.go#github.com/linthan/gocron/internal/service.createJob.func1#331行#开始执行任务#ls#命令-bin/melican-shangmu cron maili job2 --config config/config-prod.toml
2019-02-20/15:00:00 [INF] #F:/go/src/github.com/linthan/gocron/internal/service/task.go#github.com/linthan/gocron/internal/service.createJob.func1#333行#任务完成#ls#命令-bin/melican-shangmu cron maili job2 --config config/config-prod.toml
2019-02-20/15:30:00 [INF] #F:/go/src/github.com/linthan/gocron/internal/service/task.go#github.com/linthan/gocron/internal/service.createJob.func1#331行#开始执行任务#ls#命令-bin/melican-shangmu cron maili job2 --config config/config-prod.toml
2019-02-20/15:30:00 [INF] #F:/go/src/github.com/linthan/gocron/internal/service/task.go#github.com/linthan/gocron/internal/service.createJob.func1#333行#任务完成#ls#命令-bin/melican-shangmu cron maili job2 --config config/config-prod.toml
2019-02-20/16:00:00 [INF] #F:/go/src/github.com/linthan/gocron/internal/service/task.go#github.com/linthan/gocron/internal/service.createJob.func1#331行#开始执行任务#ls#命令-bin/melican-shangmu cron maili job2 --config config/config-prod.toml
2019-02-20/16:00:00 [INF] #F:/go/src/github.com/linthan/gocron/internal/service/task.go#github.com/linthan/gocron/internal/service.createJob.func1#333行#任务完成#ls#命令-bin/melican-shangmu cron maili job2 --config config/config-prod.toml
2019-02-20/16:30:00 [INF] #F:/go/src/github.com/linthan/gocron/internal/service/task.go#github.com/linthan/gocron/internal/service.createJob.func1#331行#开始执行任务#ls#命令-bin/melican-shangmu cron maili job2 --config config/config-prod.toml
2019-02-20/16:30:00 [INF] #F:/go/src/github.com/linthan/gocron/internal/service/task.go#github.com/linthan/gocron/internal/service.createJob.func1#333行#任务完成#ls#命令-bin/melican-shangmu cron maili job2 --config config/config-prod.toml
2019-02-20/17:00:00 [INF] #F:/go/src/github.com/linthan/gocron/internal/service/task.go#github.com/linthan/gocron/internal/service.createJob.func1#331行#开始执行任务#ls#命令-bin/melican-shangmu cron maili job2 --config config/config-prod.toml
2019-02-20/17:00:01 [INF] #F:/go/src/github.com/linthan/gocron/internal/service/task.go#github.com/linthan/gocron/internal/service.createJob.func1#333行#任务完成#ls#命令-bin/melican-shangmu cron maili job2 --config config/config-prod.toml
2019-02-20/17:30:00 [INF] #F:/go/src/github.com/linthan/gocron/internal/service/task.go#github.com/linthan/gocron/internal/service.createJob.func1#331行#开始执行任务#ls#命令-bin/melican-shangmu cron maili job2 --config config/config-prod.toml
2019-02-20/17:30:00 [INF] #F:/go/src/github.com/linthan/gocron/internal/service/task.go#github.com/linthan/gocron/internal/service.createJob.func1#333行#任务完成#ls#命令-bin/melican-shangmu cron maili job2 --config config/config-prod.toml
2019-02-20/18:00:00 [INF] #F:/go/src/github.com/linthan/gocron/internal/service/task.go#github.com/linthan/gocron/internal/service.createJob.func1#331行#开始执行任务#ls#命令-bin/melican-shangmu cron maili job2 --config config/config-prod.toml
2019-02-20/18:00:00 [INF] #F:/go/src/github.com/linthan/gocron/internal/service/task.go#github.com/linthan/gocron/internal/service.createJob.func1#333行#任务完成#ls#命令-bin/melican-shangmu cron maili job2 --config config/config-prod.toml
2019-02-20/18:30:00 [INF] #F:/go/src/github.com/linthan/gocron/internal/service/task.go#github.com/linthan/gocron/internal/service.createJob.func1#331行#开始执行任务#ls#命令-bin/melican-shangmu cron maili job2 --config config/config-prod.toml
2019-02-20/18:30:06 [INF] #F:/go/src/github.com/linthan/gocron/internal/service/task.go#github.com/linthan/gocron/internal/service.createJob.func1#333行#任务完成#ls#命令-bin/melican-shangmu cron maili job2 --config config/config-prod.toml
2019-02-20/19:00:00 [INF] #F:/go/src/github.com/linthan/gocron/internal/service/task.go#github.com/linthan/gocron/internal/service.createJob.func1#331行#开始执行任务#ls#命令-bin/melican-shangmu cron maili job2 --config config/config-prod.toml
2019-02-20/19:00:00 [INF] #F:/go/src/github.com/linthan/gocron/internal/service/task.go#github.com/linthan/gocron/internal/service.createJob.func1#333行#任务完成#ls#命令-bin/melican-shangmu cron maili job2 --config config/config-prod.toml
2019-02-20/19:30:00 [INF] #F:/go/src/github.com/linthan/gocron/internal/service/task.go#github.com/linthan/gocron/internal/service.createJob.func1#331行#开始执行任务#ls#命令-bin/melican-shangmu cron maili job2 --config config/config-prod.toml
2019-02-20/19:30:00 [INF] #F:/go/src/github.com/linthan/gocron/internal/service/task.go#github.com/linthan/gocron/internal/service.createJob.func1#333行#任务完成#ls#命令-bin/melican-shangmu cron maili job2 --config config/config-prod.toml
2019-02-20/20:00:00 [INF] #F:/go/src/github.com/linthan/gocron/internal/service/task.go#github.com/linthan/gocron/internal/service.createJob.func1#331行#开始执行任务#ls#命令-bin/melican-shangmu cron maili job2 --config config/config-prod.toml
2019-02-20/20:00:00 [INF] #F:/go/src/github.com/linthan/gocron/internal/service/task.go#github.com/linthan/gocron/internal/service.createJob.func1#333行#任务完成#ls#命令-bin/melican-shangmu cron maili job2 --config config/config-prod.toml
2019-02-20/20:30:00 [INF] #F:/go/src/github.com/linthan/gocron/internal/service/task.go#github.com/linthan/gocron/internal/service.createJob.func1#331行#开始执行任务#ls#命令-bin/melican-shangmu cron maili job2 --config config/config-prod.toml
2019-02-20/20:30:00 [INF] #F:/go/src/github.com/linthan/gocron/internal/service/task.go#github.com/linthan/gocron/internal/service.createJob.func1#333行#任务完成#ls#命令-bin/melican-shangmu cron maili job2 --config config/config-prod.toml
2019-02-20/21:00:00 [INF] #F:/go/src/github.com/linthan/gocron/internal/service/task.go#github.com/linthan/gocron/internal/service.createJob.func1#331行#开始执行任务#ls#命令-bin/melican-shangmu cron maili job2 --config config/config-prod.toml
2019-02-20/21:00:01 [INF] #F:/go/src/github.com/linthan/gocron/internal/service/task.go#github.com/linthan/gocron/internal/service.createJob.func1#333行#任务完成#ls#命令-bin/melican-shangmu cron maili job2 --config config/config-prod.toml
2019-02-20/21:30:00 [INF] #F:/go/src/github.com/linthan/gocron/internal/service/task.go#github.com/linthan/gocron/internal/service.createJob.func1#331行#开始执行任务#ls#命令-bin/melican-shangmu cron maili job2 --config config/config-prod.toml
2019-02-20/21:30:00 [INF] #F:/go/src/github.com/linthan/gocron/internal/service/task.go#github.com/linthan/gocron/internal/service.createJob.func1#333行#任务完成#ls#命令-bin/melican-shangmu cron maili job2 --config config/config-prod.toml
2019-02-20/22:00:00 [INF] #F:/go/src/github.com/linthan/gocron/internal/service/task.go#github.com/linthan/gocron/internal/service.createJob.func1#331行#开始执行任务#ls#命令-bin/melican-shangmu cron maili job2 --config config/config-prod.toml
2019-02-20/22:00:00 [INF] #F:/go/src/github.com/linthan/gocron/internal/service/task.go#github.com/linthan/gocron/internal/service.createJob.func1#333行#任务完成#ls#命令-bin/melican-shangmu cron maili job2 --config config/config-prod.toml
2019-02-20/22:30:00 [INF] #F:/go/src/github.com/linthan/gocron/internal/service/task.go#github.com/linthan/gocron/internal/service.createJob.func1#331行#开始执行任务#ls#命令-bin/melican-shangmu cron maili job2 --config config/config-prod.toml
2019-02-20/22:30:00 [INF] #F:/go/src/github.com/linthan/gocron/internal/service/task.go#github.com/linthan/gocron/internal/service.createJob.func1#333行#任务完成#ls#命令-bin/melican-shangmu cron maili job2 --config config/config-prod.toml
2019-02-20/23:00:00 [INF] #F:/go/src/github.com/linthan/gocron/internal/service/task.go#github.com/linthan/gocron/internal/service.createJob.func1#331行#开始执行任务#ls#命令-bin/melican-shangmu cron maili job2 --config config/config-prod.toml
2019-02-20/23:00:00 [INF] #F:/go/src/github.com/linthan/gocron/internal/service/task.go#github.com/linthan/gocron/internal/service.createJob.func1#333行#任务完成#ls#命令-bin/melican-shangmu cron maili job2 --config config/config-prod.toml
2019-02-20/23:30:00 [INF] #F:/go/src/github.com/linthan/gocron/internal/service/task.go#github.com/linthan/gocron/internal/service.createJob.func1#331行#开始执行任务#ls#命令-bin/melican-shangmu cron maili job2 --config config/config-prod.toml
2019-02-20/23:30:00 [INF] #F:/go/src/github.com/linthan/gocron/internal/service/task.go#github.com/linthan/gocron/internal/service.createJob.func1#333行#任务完成#ls#命令-bin/melican-shangmu cron maili job2 --config config/config-prod.toml
2019-02-21/00:00:00 [INF] #F:/go/src/github.com/linthan/gocron/internal/service/task.go#github.com/linthan/gocron/internal/service.createJob.func1#331行#开始执行任务#ls#命令-bin/melican-shangmu cron maili job2 --config config/config-prod.toml
2019-02-21/00:00:00 [INF] #F:/go/src/github.com/linthan/gocron/internal/service/task.go#github.com/linthan/gocron/internal/service.createJob.func1#333行#任务完成#ls#命令-bin/melican-shangmu cron maili job2 --config config/config-prod.toml
2019-02-21/00:30:00 [INF] #F:/go/src/github.com/linthan/gocron/internal/service/task.go#github.com/linthan/gocron/internal/service.createJob.func1#331行#开始执行任务#ls#命令-bin/melican-shangmu cron maili job2 --config config/config-prod.toml
2019-02-21/00:30:00 [INF] #F:/go/src/github.com/linthan/gocron/internal/service/task.go#github.com/linthan/gocron/internal/service.createJob.func1#333行#任务完成#ls#命令-bin/melican-shangmu cron maili job2 --config config/config-prod.toml
2019-02-21/01:00:00 [INF] #F:/go/src/github.com/linthan/gocron/internal/service/task.go#github.com/linthan/gocron/internal/service.createJob.func1#331行#开始执行任务#ls#命令-bin/melican-shangmu cron maili job2 --config config/config-prod.toml
2019-02-21/01:00:00 [INF] #F:/go/src/github.com/linthan/gocron/internal/service/task.go#github.com/linthan/gocron/internal/service.createJob.func1#333行#任务完成#ls#命令-bin/melican-shangmu cron maili job2 --config config/config-prod.toml
2019-02-21/01:30:00 [INF] #F:/go/src/github.com/linthan/gocron/internal/service/task.go#github.com/linthan/gocron/internal/service.createJob.func1#331行#开始执行任务#ls#命令-bin/melican-shangmu cron maili job2 --config config/config-prod.toml
2019-02-21/01:30:00 [INF] #F:/go/src/github.com/linthan/gocron/internal/service/task.go#github.com/linthan/gocron/internal/service.createJob.func1#333行#任务完成#ls#命令-bin/melican-shangmu cron maili job2 --config config/config-prod.toml
2019-02-21/02:00:00 [INF] #F:/go/src/github.com/linthan/gocron/internal/service/task.go#github.com/linthan/gocron/internal/service.createJob.func1#331行#开始执行任务#ls#命令-bin/melican-shangmu cron maili job2 --config config/config-prod.toml
2019-02-21/02:00:00 [INF] #F:/go/src/github.com/linthan/gocron/internal/service/task.go#github.com/linthan/gocron/internal/service.createJob.func1#333行#任务完成#ls#命令-bin/melican-shangmu cron maili job2 --config config/config-prod.toml
2019-02-21/02:30:00 [INF] #F:/go/src/github.com/linthan/gocron/internal/service/task.go#github.com/linthan/gocron/internal/service.createJob.func1#331行#开始执行任务#ls#命令-bin/melican-shangmu cron maili job2 --config config/config-prod.toml
2019-02-21/02:30:16 [INF] #F:/go/src/github.com/linthan/gocron/internal/service/task.go#github.com/linthan/gocron/internal/service.createJob.func1#333行#任务完成#ls#命令-bin/melican-shangmu cron maili job2 --config config/config-prod.toml
2019-02-21/03:00:00 [INF] #F:/go/src/github.com/linthan/gocron/internal/service/task.go#github.com/linthan/gocron/internal/service.createJob.func1#331行#开始执行任务#ls#命令-bin/melican-shangmu cron maili job2 --config config/config-prod.toml
2019-02-21/03:00:00 [INF] #F:/go/src/github.com/linthan/gocron/internal/service/task.go#github.com/linthan/gocron/internal/service.createJob.func1#333行#任务完成#ls#命令-bin/melican-shangmu cron maili job2 --config config/config-prod.toml
2019-02-21/03:30:00 [INF] #F:/go/src/github.com/linthan/gocron/internal/service/task.go#github.com/linthan/gocron/internal/service.createJob.func1#331行#开始执行任务#ls#命令-bin/melican-shangmu cron maili job2 --config config/config-prod.toml
2019-02-21/03:30:00 [INF] #F:/go/src/github.com/linthan/gocron/internal/service/task.go#github.com/linthan/gocron/internal/service.createJob.func1#333行#任务完成#ls#命令-bin/melican-shangmu cron maili job2 --config config/config-prod.toml
2019-02-21/04:00:00 [INF] #F:/go/src/github.com/linthan/gocron/internal/service/task.go#github.com/linthan/gocron/internal/service.createJob.func1#331行#开始执行任务#ls#命令-bin/melican-shangmu cron maili job2 --config config/config-prod.toml
2019-02-21/04:00:00 [INF] #F:/go/src/github.com/linthan/gocron/internal/service/task.go#github.com/linthan/gocron/internal/service.createJob.func1#333行#任务完成#ls#命令-bin/melican-shangmu cron maili job2 --config config/config-prod.toml
2019-02-21/04:30:00 [INF] #F:/go/src/github.com/linthan/gocron/internal/service/task.go#github.com/linthan/gocron/internal/service.createJob.func1#331行#开始执行任务#ls#命令-bin/melican-shangmu cron maili job2 --config config/config-prod.toml
2019-02-21/04:30:00 [INF] #F:/go/src/github.com/linthan/gocron/internal/service/task.go#github.com/linthan/gocron/internal/service.createJob.func1#333行#任务完成#ls#命令-bin/melican-shangmu cron maili job2 --config config/config-prod.toml
2019-02-21/05:00:00 [INF] #F:/go/src/github.com/linthan/gocron/internal/service/task.go#github.com/linthan/gocron/internal/service.createJob.func1#331行#开始执行任务#ls#命令-bin/melican-shangmu cron maili job2 --config config/config-prod.toml
2019-02-21/05:00:00 [INF] #F:/go/src/github.com/linthan/gocron/internal/service/task.go#github.com/linthan/gocron/internal/service.createJob.func1#333行#任务完成#ls#命令-bin/melican-shangmu cron maili job2 --config config/config-prod.toml
2019-02-21/05:30:00 [INF] #F:/go/src/github.com/linthan/gocron/internal/service/task.go#github.com/linthan/gocron/internal/service.createJob.func1#331行#开始执行任务#ls#命令-bin/melican-shangmu cron maili job2 --config config/config-prod.toml
2019-02-21/05:30:00 [INF] #F:/go/src/github.com/linthan/gocron/internal/service/task.go#github.com/linthan/gocron/internal/service.createJob.func1#333行#任务完成#ls#命令-bin/melican-shangmu cron maili job2 --config config/config-prod.toml
2019-02-21/06:00:00 [INF] #F:/go/src/github.com/linthan/gocron/internal/service/task.go#github.com/linthan/gocron/internal/service.createJob.func1#331行#开始执行任务#ls#命令-bin/melican-shangmu cron maili job2 --config config/config-prod.toml
2019-02-21/06:00:00 [INF] #F:/go/src/github.com/linthan/gocron/internal/service/task.go#github.com/linthan/gocron/internal/service.createJob.func1#333行#任务完成#ls#命令-bin/melican-shangmu cron maili job2 --config config/config-prod.toml
2019-02-21/06:30:00 [INF] #F:/go/src/github.com/linthan/gocron/internal/service/task.go#github.com/linthan/gocron/internal/service.createJob.func1#331行#开始执行任务#ls#命令-bin/melican-shangmu cron maili job2 --config config/config-prod.toml
2019-02-21/06:30:00 [INF] #F:/go/src/github.com/linthan/gocron/internal/service/task.go#github.com/linthan/gocron/internal/service.createJob.func1#333行#任务完成#ls#命令-bin/melican-shangmu cron maili job2 --config config/config-prod.toml
2019-02-21/07:00:00 [INF] #F:/go/src/github.com/linthan/gocron/internal/service/task.go#github.com/linthan/gocron/internal/service.createJob.func1#331行#开始执行任务#ls#命令-bin/melican-shangmu cron maili job2 --config config/config-prod.toml
2019-02-21/07:00:00 [INF] #F:/go/src/github.com/linthan/gocron/internal/service/task.go#github.com/linthan/gocron/internal/service.createJob.func1#333行#任务完成#ls#命令-bin/melican-shangmu cron maili job2 --config config/config-prod.toml
2019-02-21/07:30:00 [INF] #F:/go/src/github.com/linthan/gocron/internal/service/task.go#github.com/linthan/gocron/internal/service.createJob.func1#331行#开始执行任务#ls#命令-bin/melican-shangmu cron maili job2 --config config/config-prod.toml
2019-02-21/07:30:00 [INF] #F:/go/src/github.com/linthan/gocron/internal/service/task.go#github.com/linthan/gocron/internal/service.createJob.func1#333行#任务完成#ls#命令-bin/melican-shangmu cron maili job2 --config config/config-prod.toml
2019-02-21/08:00:00 [INF] #F:/go/src/github.com/linthan/gocron/internal/service/task.go#github.com/linthan/gocron/internal/service.createJob.func1#331行#开始执行任务#ls#命令-bin/melican-shangmu cron maili job2 --config config/config-prod.toml
2019-02-21/08:00:00 [INF] #F:/go/src/github.com/linthan/gocron/internal/service/task.go#github.com/linthan/gocron/internal/service.createJob.func1#333行#任务完成#ls#命令-bin/melican-shangmu cron maili job2 --config config/config-prod.toml
2019-02-21/08:30:00 [INF] #F:/go/src/github.com/linthan/gocron/internal/service/task.go#github.com/linthan/gocron/internal/service.createJob.func1#331行#开始执行任务#ls#命令-bin/melican-shangmu cron maili job2 --config config/config-prod.toml
2019-02-21/08:30:00 [INF] #F:/go/src/github.com/linthan/gocron/internal/service/task.go#github.com/linthan/gocron/internal/service.createJob.func1#333行#任务完成#ls#命令-bin/melican-shangmu cron maili job2 --config config/config-prod.toml
2019-02-21/09:00:00 [INF] #F:/go/src/github.com/linthan/gocron/internal/service/task.go#github.com/linthan/gocron/internal/service.createJob.func1#331行#开始执行任务#ls#命令-bin/melican-shangmu cron maili job2 --config config/config-prod.toml
2019-02-21/09:00:00 [INF] #F:/go/src/github.com/linthan/gocron/internal/service/task.go#github.com/linthan/gocron/internal/service.createJob.func1#333行#任务完成#ls#命令-bin/melican-shangmu cron maili job2 --config config/config-prod.toml
2019-02-21/09:30:00 [INF] #F:/go/src/github.com/linthan/gocron/internal/service/task.go#github.com/linthan/gocron/internal/service.createJob.func1#331行#开始执行任务#ls#命令-bin/melican-shangmu cron maili job2 --config config/config-prod.toml
2019-02-21/09:30:00 [INF] #F:/go/src/github.com/linthan/gocron/internal/service/task.go#github.com/linthan/gocron/internal/service.createJob.func1#333行#任务完成#ls#命令-bin/melican-shangmu cron maili job2 --config config/config-prod.toml
2019-02-21/10:00:00 [INF] #F:/go/src/github.com/linthan/gocron/internal/service/task.go#github.com/linthan/gocron/internal/service.createJob.func1#331行#开始执行任务#ls#命令-bin/melican-shangmu cron maili job2 --config config/config-prod.toml
2019-02-21/10:00:00 [INF] #F:/go/src/github.com/linthan/gocron/internal/service/task.go#github.com/linthan/gocron/internal/service.createJob.func1#333行#任务完成#ls#命令-bin/melican-shangmu cron maili job2 --config config/config-prod.toml
2019-02-21/10:30:00 [INF] #F:/go/src/github.com/linthan/gocron/internal/service/task.go#github.com/linthan/gocron/internal/service.createJob.func1#331行#开始执行任务#ls#命令-bin/melican-shangmu cron maili job2 --config config/config-prod.toml
2019-02-21/10:30:00 [INF] #F:/go/src/github.com/linthan/gocron/internal/service/task.go#github.com/linthan/gocron/internal/service.createJob.func1#333行#任务完成#ls#命令-bin/melican-shangmu cron maili job2 --config config/config-prod.toml
2019-02-21/11:00:00 [INF] #F:/go/src/github.com/linthan/gocron/internal/service/task.go#github.com/linthan/gocron/internal/service.createJob.func1#331行#开始执行任务#ls#命令-bin/melican-shangmu cron maili job2 --config config/config-prod.toml
2019-02-21/11:00:00 [INF] #F:/go/src/github.com/linthan/gocron/internal/service/task.go#github.com/linthan/gocron/internal/service.createJob.func1#333行#任务完成#ls#命令-bin/melican-shangmu cron maili job2 --config config/config-prod.toml
2019-02-21/11:30:00 [INF] #F:/go/src/github.com/linthan/gocron/internal/service/task.go#github.com/linthan/gocron/internal/service.createJob.func1#331行#开始执行任务#ls#命令-bin/melican-shangmu cron maili job2 --config config/config-prod.toml
2019-02-21/11:30:01 [INF] #F:/go/src/github.com/linthan/gocron/internal/service/task.go#github.com/linthan/gocron/internal/service.createJob.func1#333行#任务完成#ls#命令-bin/melican-shangmu cron maili job2 --config config/config-prod.toml
2019-02-21/12:00:00 [INF] #F:/go/src/github.com/linthan/gocron/internal/service/task.go#github.com/linthan/gocron/internal/service.createJob.func1#331行#开始执行任务#ls#命令-bin/melican-shangmu cron maili job2 --config config/config-prod.toml
2019-02-21/12:00:00 [INF] #F:/go/src/github.com/linthan/gocron/internal/service/task.go#github.com/linthan/gocron/internal/service.createJob.func1#333行#任务完成#ls#命令-bin/melican-shangmu cron maili job2 --config config/config-prod.toml
2019-02-21/12:30:00 [INF] #F:/go/src/github.com/linthan/gocron/internal/service/task.go#github.com/linthan/gocron/internal/service.createJob.func1#331行#开始执行任务#ls#命令-bin/melican-shangmu cron maili job2 --config config/config-prod.toml
2019-02-21/12:30:00 [INF] #F:/go/src/github.com/linthan/gocron/internal/service/task.go#github.com/linthan/gocron/internal/service.createJob.func1#333行#任务完成#ls#命令-bin/melican-shangmu cron maili job2 --config config/config-prod.toml
2019-02-21/13:00:00 [INF] #F:/go/src/github.com/linthan/gocron/internal/service/task.go#github.com/linthan/gocron/internal/service.createJob.func1#331行#开始执行任务#ls#命令-bin/melican-shangmu cron maili job2 --config config/config-prod.toml
2019-02-21/13:00:00 [INF] #F:/go/src/github.com/linthan/gocron/internal/service/task.go#github.com/linthan/gocron/internal/service.createJob.func1#333行#任务完成#ls#命令-bin/melican-shangmu cron maili job2 --config config/config-prod.toml
2019-02-21/13:30:00 [INF] #F:/go/src/github.com/linthan/gocron/internal/service/task.go#github.com/linthan/gocron/internal/service.createJob.func1#331行#开始执行任务#ls#命令-bin/melican-shangmu cron maili job2 --config config/config-prod.toml
2019-02-21/13:30:00 [INF] #F:/go/src/github.com/linthan/gocron/internal/service/task.go#github.com/linthan/gocron/internal/service.createJob.func1#333行#任务完成#ls#命令-bin/melican-shangmu cron maili job2 --config config/config-prod.toml
2019-02-21/14:00:00 [INF] #F:/go/src/github.com/linthan/gocron/internal/service/task.go#github.com/linthan/gocron/internal/service.createJob.func1#331行#开始执行任务#ls#命令-bin/melican-shangmu cron maili job2 --config config/config-prod.toml
2019-02-21/14:00:00 [INF] #F:/go/src/github.com/linthan/gocron/internal/service/task.go#github.com/linthan/gocron/internal/service.createJob.func1#333行#任务完成#ls#命令-bin/melican-shangmu cron maili job2 --config config/config-prod.toml
2019-02-21/14:30:00 [INF] #F:/go/src/github.com/linthan/gocron/internal/service/task.go#github.com/linthan/gocron/internal/service.createJob.func1#331行#开始执行任务#ls#命令-bin/melican-shangmu cron maili job2 --config config/config-prod.toml
2019-02-21/14:30:00 [INF] #F:/go/src/github.com/linthan/gocron/internal/service/task.go#github.com/linthan/gocron/internal/service.createJob.func1#333行#任务完成#ls#命令-bin/melican-shangmu cron maili job2 --config config/config-prod.toml
2019-02-21/15:00:00 [INF] #F:/go/src/github.com/linthan/gocron/internal/service/task.go#github.com/linthan/gocron/internal/service.createJob.func1#331行#开始执行任务#ls#命令-bin/melican-shangmu cron maili job2 --config config/config-prod.toml
2019-02-21/15:00:00 [INF] #F:/go/src/github.com/linthan/gocron/internal/service/task.go#github.com/linthan/gocron/internal/service.createJob.func1#333行#任务完成#ls#命令-bin/melican-shangmu cron maili job2 --config config/config-prod.toml
2019-02-21/15:30:00 [INF] #F:/go/src/github.com/linthan/gocron/internal/service/task.go#github.com/linthan/gocron/internal/service.createJob.func1#331行#开始执行任务#ls#命令-bin/melican-shangmu cron maili job2 --config config/config-prod.toml
2019-02-21/15:30:00 [INF] #F:/go/src/github.com/linthan/gocron/internal/service/task.go#github.com/linthan/gocron/internal/service.createJob.func1#333行#任务完成#ls#命令-bin/melican-shangmu cron maili job2 --config config/config-prod.toml
2019-02-21/16:00:00 [INF] #F:/go/src/github.com/linthan/gocron/internal/service/task.go#github.com/linthan/gocron/internal/service.createJob.func1#331行#开始执行任务#ls#命令-bin/melican-shangmu cron maili job2 --config config/config-prod.toml
2019-02-21/16:00:00 [INF] #F:/go/src/github.com/linthan/gocron/internal/service/task.go#github.com/linthan/gocron/internal/service.createJob.func1#333行#任务完成#ls#命令-bin/melican-shangmu cron maili job2 --config config/config-prod.toml
2019-02-21/16:30:01 [INF] #F:/go/src/github.com/linthan/gocron/internal/service/task.go#github.com/linthan/gocron/internal/service.createJob.func1#331行#开始执行任务#ls#命令-bin/melican-shangmu cron maili job2 --config config/config-prod.toml
2019-02-21/16:30:01 [INF] #F:/go/src/github.com/linthan/gocron/internal/service/task.go#github.com/linthan/gocron/internal/service.createJob.func1#333行#任务完成#ls#命令-bin/melican-shangmu cron maili job2 --config config/config-prod.toml
2019-03-06/14:44:56 [INF] #F:/go/src/github.com/linthan/gocron/internal/service/task.go#github.com/linthan/gocron/internal/service.Task.Initialize#110行#[[开始初始化定时任务]]
2019-03-06/14:44:56 [INF] #F:/go/src/github.com/linthan/gocron/internal/service/task.go#github.com/linthan/gocron/internal/service.Task.Initialize#130行#定时任务初始化完成, 共1个定时任务添加到调度器
2019-03-06/14:45:13 [INF] #F:/go/src/github.com/linthan/gocron/internal/service/task.go#github.com/linthan/gocron/internal/service.Task.Initialize#110行#[[开始初始化定时任务]]
2019-03-06/14:45:13 [INF] #F:/go/src/github.com/linthan/gocron/internal/service/task.go#github.com/linthan/gocron/internal/service.Task.Initialize#130行#定时任务初始化完成, 共1个定时任务添加到调度器
2019-03-06/14:45:14 [INF] #F:/go/src/github.com/linthan/gocron/cmd/gocron/gocron.go#main.catchSignal#156行#[[收到信号 --  interrupt]]
2019-03-06/14:45:14 [INF] #F:/go/src/github.com/linthan/gocron/cmd/gocron/gocron.go#main.shutdown#176行#[[应用准备退出]]
2019-03-06/14:45:14 [INF] #F:/go/src/github.com/linthan/gocron/cmd/gocron/gocron.go#main.shutdown#178行#[[停止定时任务调度]]
2019-03-06/14:45:14 [INF] #F:/go/src/github.com/linthan/gocron/cmd/gocron/gocron.go#main.shutdown.func1#169行#[[已退出]]
2019-03-06/14:46:41 [ERR] #F:/go/src/github.com/linthan/gocron/internal/routers/host/host.go#github.com/linthan/gocron/internal/routers/host.All#47行#[[Error 1054: Unknown column 'i_d' in 'field list']]
2019-03-06/14:47:25 [ERR] #F:/go/src/github.com/linthan/gocron/internal/routers/host/host.go#github.com/linthan/gocron/internal/routers/host.All#47行#[[Error 1054: Unknown column 'i_d' in 'field list']]
2019-03-06/14:47:26 [ERR] #F:/go/src/github.com/linthan/gocron/internal/routers/host/host.go#github.com/linthan/gocron/internal/routers/host.All#47行#[[Error 1054: Unknown column 'i_d' in 'field list']]
2019-03-06/14:47:28 [ERR] #F:/go/src/github.com/linthan/gocron/internal/routers/host/host.go#github.com/linthan/gocron/internal/routers/host.All#47行#[[Error 1054: Unknown column 'i_d' in 'field list']]
2019-03-06/14:47:29 [ERR] #F:/go/src/github.com/linthan/gocron/internal/routers/host/host.go#github.com/linthan/gocron/internal/routers/host.Index#30行#[[Error 1054: Unknown column 'i_d' in 'field list']]
2019-03-06/14:48:31 [ERR] #F:/go/src/github.com/linthan/gocron/internal/routers/host/host.go#github.com/linthan/gocron/internal/routers/host.All#47行#[[Error 1054: Unknown column 'i_d' in 'field list']]
2019-03-06/14:50:12 [ERR] #F:/go/src/github.com/linthan/gocron/internal/routers/host/host.go#github.com/linthan/gocron/internal/routers/host.All#47行#[[Error 1054: Unknown column 'i_d' in 'field list']]
2019-03-06/14:50:13 [ERR] #F:/go/src/github.com/linthan/gocron/internal/routers/host/host.go#github.com/linthan/gocron/internal/routers/host.Index#30行#[[Error 1054: Unknown column 'i_d' in 'field list']]
2019-03-06/14:50:16 [ERR] #F:/go/src/github.com/linthan/gocron/internal/routers/host/host.go#github.com/linthan/gocron/internal/routers/host.Index#30行#[[Error 1054: Unknown column 'i_d' in 'field list']]
2019-03-06/14:50:17 [ERR] #F:/go/src/github.com/linthan/gocron/internal/routers/host/host.go#github.com/linthan/gocron/internal/routers/host.Index#30行#[[Error 1054: Unknown column 'i_d' in 'field list']]
2019-03-06/14:50:18 [ERR] #F:/go/src/github.com/linthan/gocron/internal/routers/host/host.go#github.com/linthan/gocron/internal/routers/host.Index#30行#[[Error 1054: Unknown column 'i_d' in 'field list']]
2019-03-06/14:50:18 [ERR] #F:/go/src/github.com/linthan/gocron/internal/routers/host/host.go#github.com/linthan/gocron/internal/routers/host.Index#30行#[[Error 1054: Unknown column 'i_d' in 'field list']]
2019-03-06/14:50:20 [ERR] #F:/go/src/github.com/linthan/gocron/internal/routers/host/host.go#github.com/linthan/gocron/internal/routers/host.Index#30行#[[Error 1054: Unknown column 'i_d' in 'field list']]
2019-03-06/14:50:23 [ERR] #F:/go/src/github.com/linthan/gocron/internal/routers/host/host.go#github.com/linthan/gocron/internal/routers/host.Index#30行#[[Error 1054: Unknown column 'i_d' in 'field list']]
2019-03-06/14:50:26 [ERR] #F:/go/src/github.com/linthan/gocron/internal/routers/host/host.go#github.com/linthan/gocron/internal/routers/host.Index#30行#[[Error 1054: Unknown column 'i_d' in 'field list']]
2019-03-06/14:50:33 [ERR] #F:/go/src/github.com/linthan/gocron/internal/routers/host/host.go#github.com/linthan/gocron/internal/routers/host.Index#30行#[[Error 1054: Unknown column 'i_d' in 'field list']]
2019-03-06/14:50:34 [ERR] #F:/go/src/github.com/linthan/gocron/internal/routers/host/host.go#github.com/linthan/gocron/internal/routers/host.Index#30行#[[Error 1054: Unknown column 'i_d' in 'field list']]
2019-03-06/14:50:36 [ERR] #F:/go/src/github.com/linthan/gocron/internal/routers/host/host.go#github.com/linthan/gocron/internal/routers/host.Index#30行#[[Error 1054: Unknown column 'i_d' in 'field list']]
2019-03-06/14:50:37 [ERR] #F:/go/src/github.com/linthan/gocron/internal/routers/host/host.go#github.com/linthan/gocron/internal/routers/host.Index#30行#[[Error 1054: Unknown column 'i_d' in 'field list']]
2019-03-06/14:50:41 [ERR] #F:/go/src/github.com/linthan/gocron/internal/routers/host/host.go#github.com/linthan/gocron/internal/routers/host.Index#30行#[[Error 1054: Unknown column 'i_d' in 'field list']]
2019-03-06/14:50:43 [ERR] #F:/go/src/github.com/linthan/gocron/internal/routers/host/host.go#github.com/linthan/gocron/internal/routers/host.Index#30行#[[Error 1054: Unknown column 'i_d' in 'field list']]
2019-03-06/14:50:44 [ERR] #F:/go/src/github.com/linthan/gocron/internal/routers/host/host.go#github.com/linthan/gocron/internal/routers/host.Index#30行#[[Error 1054: Unknown column 'i_d' in 'field list']]
2019-03-06/14:50:46 [ERR] #F:/go/src/github.com/linthan/gocron/internal/routers/host/host.go#github.com/linthan/gocron/internal/routers/host.All#47行#[[Error 1054: Unknown column 'i_d' in 'field list']]
2019-03-06/14:50:47 [ERR] #F:/go/src/github.com/linthan/gocron/internal/routers/host/host.go#github.com/linthan/gocron/internal/routers/host.Index#30行#[[Error 1054: Unknown column 'i_d' in 'field list']]
2019-03-06/14:52:44 [INF] #F:/go/src/github.com/linthan/gocron/cmd/gocron/gocron.go#main.catchSignal#156行#[[收到信号 --  interrupt]]
2019-03-06/14:52:44 [INF] #F:/go/src/github.com/linthan/gocron/cmd/gocron/gocron.go#main.shutdown#176行#[[应用准备退出]]
2019-03-06/14:52:44 [INF] #F:/go/src/github.com/linthan/gocron/cmd/gocron/gocron.go#main.shutdown#178行#[[停止定时任务调度]]
2019-03-06/14:52:44 [INF] #F:/go/src/github.com/linthan/gocron/cmd/gocron/gocron.go#main.shutdown.func1#169行#[[已退出]]
2019-03-06/14:53:30 [INF] #F:/go/src/github.com/linthan/gocron/internal/service/task.go#github.com/linthan/gocron/internal/service.Task.Initialize#110行#[[开始初始化定时任务]]
2019-03-06/14:53:30 [INF] #F:/go/src/github.com/linthan/gocron/internal/service/task.go#github.com/linthan/gocron/internal/service.Task.Initialize#130行#定时任务初始化完成, 共1个定时任务添加到调度器
2019-03-06/15:00:00 [INF] #F:/go/src/github.com/linthan/gocron/internal/service/task.go#github.com/linthan/gocron/internal/service.createJob.func1#331行#开始执行任务#ls#命令-bin/melican-shangmu cron maili job2 --config config/config-prod.toml
2019-03-06/15:00:00 [INF] #F:/go/src/github.com/linthan/gocron/internal/service/task.go#github.com/linthan/gocron/internal/service.createJob.func1#333行#任务完成#ls#命令-bin/melican-shangmu cron maili job2 --config config/config-prod.toml
2019-03-06/15:20:03 [INF] #F:/go/src/github.com/linthan/gocron/internal/service/task.go#github.com/linthan/gocron/internal/service.Task.Initialize#110行#[[开始初始化定时任务]]
2019-03-06/15:20:04 [INF] #F:/go/src/github.com/linthan/gocron/internal/service/task.go#github.com/linthan/gocron/internal/service.Task.Initialize#130行#定时任务初始化完成, 共1个定时任务添加到调度器
2019-03-06/15:20:10 [INF] #F:/go/src/github.com/linthan/gocron/cmd/gocron/gocron.go#main.catchSignal#156行#[[收到信号 --  interrupt]]
2019-03-06/15:20:10 [INF] #F:/go/src/github.com/linthan/gocron/cmd/gocron/gocron.go#main.shutdown#176行#[[应用准备退出]]
2019-03-06/15:20:10 [INF] #F:/go/src/github.com/linthan/gocron/cmd/gocron/gocron.go#main.shutdown#178行#[[停止定时任务调度]]
2019-03-06/15:20:10 [INF] #F:/go/src/github.com/linthan/gocron/cmd/gocron/gocron.go#main.shutdown.func1#169行#[[已退出]]
